# JRE version: Java(TM) SE Runtime Environment (8.0_51-b16) (build 1.8.0_51-b16)
# Java VM: Java HotSpot(TM) Client VM (25.51-b03 mixed mode windows-x86 )
Heap:
 def new generation   total 4992K, used 1909K [0x03e00000, 0x04360000, 0x09350000)
  eden space 4480K,  31% used [0x03e00000, 0x03f5d790, 0x04260000)
  from space 512K, 100% used [0x04260000, 0x042e0000, 0x042e0000)
  to   space 512K,   0% used [0x042e0000, 0x042e0000, 0x04360000)
 tenured generation   total 10944K, used 9706K [0x09350000, 0x09e00000, 0x13e00000)
   the space 10944K,  88% used [0x09350000, 0x09cca938, 0x09ccaa00, 0x09e00000)
 Metaspace       used 7760K, capacity 7958K, committed 8064K, reserved 8576K
GC Heap History (10 events):
Event: 76834.705 GC heap before
{Heap before GC invocations=23961 (full 7533):
 def new generation   total 4992K, used 4985K [0x03e00000, 0x04360000, 0x09350000)
  eden space 4480K,  99% used [0x03e00000, 0x0425e5e8, 0x04260000)
  from space 512K, 100% used [0x042e0000, 0x04360000, 0x04360000)
  to   space 512K,   0% used [0x04260000, 0x04260000, 0x042e0000)
 tenured generation   total 10944K, used 8209K [0x09350000, 0x09e00000, 0x13e00000)
   the space 10944K,  75% used [0x09350000, 0x09b54688, 0x09b54800, 0x09e00000)
 Metaspace       used 7759K, capacity 7958K, committed 8064K, reserved 8576K
Event: 76834.708 GC heap after
Heap after GC invocations=23962 (full 7533):
 def new generation   total 4992K, used 512K [0x03e00000, 0x04360000, 0x09350000)
  eden space 4480K,   0% used [0x03e00000, 0x03e00000, 0x04260000)
  from space 512K, 100% used [0x04260000, 0x042e0000, 0x042e0000)
  to   space 512K,   0% used [0x042e0000, 0x042e0000, 0x04360000)
 tenured generation   total 10944K, used 9932K [0x09350000, 0x09e00000, 0x13e00000)
   the space 10944K,  90% used [0x09350000, 0x09d031b0, 0x09d03200, 0x09e00000)
 Metaspace       used 7759K, capacity 7958K, committed 8064K, reserved 8576K
}
Event: 76837.516 GC heap before
{Heap before GC invocations=23962 (full 7533):
 def new generation   total 4992K, used 4992K [0x03e00000, 0x04360000, 0x09350000)
  eden space 4480K, 100% used [0x03e00000, 0x04260000, 0x04260000)
  from space 512K, 100% used [0x04260000, 0x042e0000, 0x042e0000)
  to   space 512K,   0% used [0x042e0000, 0x042e0000, 0x04360000)
 tenured generation   total 10944K, used 9932K [0x09350000, 0x09e00000, 0x13e00000)
   the space 10944K,  90% used [0x09350000, 0x09d031b0, 0x09d03200, 0x09e00000)
 Metaspace       used 7759K, capacity 7958K, committed 8064K, reserved 8576K
Event: 76837.541 GC heap after
Heap after GC invocations=23963 (full 7534):
 def new generation   total 4992K, used 0K [0x03e00000, 0x04360000, 0x09350000)
  eden space 4480K,   0% used [0x03e00000, 0x03e00000, 0x04260000)
  from space 512K,   0% used [0x042e0000, 0x042e0000, 0x04360000)
  to   space 512K,   0% used [0x04260000, 0x04260000, 0x042e0000)
 tenured generation   total 10944K, used 4575K [0x09350000, 0x09e00000, 0x13e00000)
   the space 10944K,  41% used [0x09350000, 0x097c7e98, 0x097c8000, 0x09e00000)
 Metaspace       used 7759K, capacity 7958K, committed 8064K, reserved 8576K
}
Event: 76868.866 GC heap before
{Heap before GC invocations=23963 (full 7534):
 def new generation   total 4992K, used 4480K [0x03e00000, 0x04360000, 0x09350000)
  eden space 4480K, 100% used [0x03e00000, 0x04260000, 0x04260000)
  from space 512K,   0% used [0x042e0000, 0x042e0000, 0x04360000)
  to   space 512K,   0% used [0x04260000, 0x04260000, 0x042e0000)
 tenured generation   total 10944K, used 4575K [0x09350000, 0x09e00000, 0x13e00000)
   the space 10944K,  41% used [0x09350000, 0x097c7e98, 0x097c8000, 0x09e00000)
 Metaspace       used 7760K, capacity 7958K, committed 8064K, reserved 8576K
Event: 76868.870 GC heap after
Heap after GC invocations=23964 (full 7534):
 def new generation   total 4992K, used 512K [0x03e00000, 0x04360000, 0x09350000)
  eden space 4480K,   0% used [0x03e00000, 0x03e00000, 0x04260000)
  from space 512K, 100% used [0x04260000, 0x042e0000, 0x042e0000)
  to   space 512K,   0% used [0x042e0000, 0x042e0000, 0x04360000)
 tenured generation   total 10944K, used 6108K [0x09350000, 0x09e00000, 0x13e00000)
   the space 10944K,  55% used [0x09350000, 0x09947298, 0x09947400, 0x09e00000)
 Metaspace       used 7760K, capacity 7958K, committed 8064K, reserved 8576K
}
Event: 76871.551 GC heap before
{Heap before GC invocations=23964 (full 7534):
 def new generation   total 4992K, used 4985K [0x03e00000, 0x04360000, 0x09350000)
  eden space 4480K,  99% used [0x03e00000, 0x0425e770, 0x04260000)
  from space 512K, 100% used [0x04260000, 0x042e0000, 0x042e0000)
  to   space 512K,   0% used [0x042e0000, 0x042e0000, 0x04360000)
 tenured generation   total 10944K, used 6108K [0x09350000, 0x09e00000, 0x13e00000)
   the space 10944K,  55% used [0x09350000, 0x09947298, 0x09947400, 0x09e00000)
 Metaspace       used 7760K, capacity 7958K, committed 8064K, reserved 8576K
Event: 76871.556 GC heap after
Heap after GC invocations=23965 (full 7534):
 def new generation   total 4992K, used 512K [0x03e00000, 0x04360000, 0x09350000)
  eden space 4480K,   0% used [0x03e00000, 0x03e00000, 0x04260000)
  from space 512K, 100% used [0x042e0000, 0x04360000, 0x04360000)
  to   space 512K,   0% used [0x04260000, 0x04260000, 0x042e0000)
 tenured generation   total 10944K, used 7957K [0x09350000, 0x09e00000, 0x13e00000)
   the space 10944K,  72% used [0x09350000, 0x09b15408, 0x09b15600, 0x09e00000)
 Metaspace       used 7760K, capacity 7958K, committed 8064K, reserved 8576K
}
Event: 76874.297 GC heap before
{Heap before GC invocations=23965 (full 7534):
 def new generation   total 4992K, used 4992K [0x03e00000, 0x04360000, 0x09350000)
  eden space 4480K, 100% used [0x03e00000, 0x04260000, 0x04260000)
  from space 512K, 100% used [0x042e0000, 0x04360000, 0x04360000)
  to   space 512K,   0% used [0x04260000, 0x04260000, 0x042e0000)
 tenured generation   total 10944K, used 7957K [0x09350000, 0x09e00000, 0x13e00000)
   the space 10944K,  72% used [0x09350000, 0x09b15408, 0x09b15600, 0x09e00000)
 Metaspace       used 7760K, capacity 7958K, committed 8064K, reserved 8576K
Event: 76874.303 GC heap after
Heap after GC invocations=23966 (full 7534):
 def new generation   total 4992K, used 512K [0x03e00000, 0x04360000, 0x09350000)
  eden space 4480K,   0% used [0x03e00000, 0x03e00000, 0x04260000)
  from space 512K, 100% used [0x04260000, 0x042e0000, 0x042e0000)
  to   space 512K,   0% used [0x042e0000, 0x042e0000, 0x04360000)
 tenured generation   total 10944K, used 9706K [0x09350000, 0x09e00000, 0x13e00000)
   the space 10944K,  88% used [0x09350000, 0x09cca938, 0x09ccaa00, 0x09e00000)
 Metaspace       used 7760K, capacity 7958K, committed 8064K, reserved 8576K
}

