# JRE version: Java(TM) SE Runtime Environment (8.0_51-b16) (build 1.8.0_51-b16)
# Java VM: Java HotSpot(TM) Client VM (25.51-b03 mixed mode windows-x86 )
Heap:
 def new generation   total 4992K, used 1170K [0x04200000, 0x04760000, 0x09750000)
  eden space 4480K,  14% used [0x04200000, 0x042a4af0, 0x04660000)
  from space 512K, 100% used [0x04660000, 0x046e0000, 0x046e0000)
  to   space 512K,   0% used [0x046e0000, 0x046e0000, 0x04760000)
 tenured generation   total 10944K, used 10599K [0x09750000, 0x0a200000, 0x14200000)
   the space 10944K,  96% used [0x09750000, 0x0a1a9cd8, 0x0a1a9e00, 0x0a200000)
 Metaspace       used 8163K, capacity 8377K, committed 8448K, reserved 8576K
GC Heap History (10 events):
Event: 219.652 GC heap before
{Heap before GC invocations=89 (full 13):
 def new generation   total 4992K, used 4482K [0x04200000, 0x04760000, 0x09750000)
  eden space 4480K, 100% used [0x04200000, 0x04660000, 0x04660000)
  from space 512K,   0% used [0x046e0000, 0x046e0850, 0x04760000)
  to   space 512K,   0% used [0x04660000, 0x04660000, 0x046e0000)
 tenured generation   total 10944K, used 6286K [0x09750000, 0x0a200000, 0x14200000)
   the space 10944K,  57% used [0x09750000, 0x09d73848, 0x09d73a00, 0x0a200000)
 Metaspace       used 8124K, capacity 8345K, committed 8448K, reserved 8576K
Event: 219.653 GC heap after
Heap after GC invocations=90 (full 13):
 def new generation   total 4992K, used 34K [0x04200000, 0x04760000, 0x09750000)
  eden space 4480K,   0% used [0x04200000, 0x04200000, 0x04660000)
  from space 512K,   6% used [0x04660000, 0x04668830, 0x046e0000)
  to   space 512K,   0% used [0x046e0000, 0x046e0000, 0x04760000)
 tenured generation   total 10944K, used 6286K [0x09750000, 0x0a200000, 0x14200000)
   the space 10944K,  57% used [0x09750000, 0x09d73848, 0x09d73a00, 0x0a200000)
 Metaspace       used 8124K, capacity 8345K, committed 8448K, reserved 8576K
}
Event: 219.756 GC heap before
{Heap before GC invocations=90 (full 13):
 def new generation   total 4992K, used 4514K [0x04200000, 0x04760000, 0x09750000)
  eden space 4480K, 100% used [0x04200000, 0x04660000, 0x04660000)
  from space 512K,   6% used [0x04660000, 0x04668830, 0x046e0000)
  to   space 512K,   0% used [0x046e0000, 0x046e0000, 0x04760000)
 tenured generation   total 10944K, used 6286K [0x09750000, 0x0a200000, 0x14200000)
   the space 10944K,  57% used [0x09750000, 0x09d73848, 0x09d73a00, 0x0a200000)
 Metaspace       used 8124K, capacity 8345K, committed 8448K, reserved 8576K
Event: 219.757 GC heap after
Heap after GC invocations=91 (full 13):
 def new generation   total 4992K, used 108K [0x04200000, 0x04760000, 0x09750000)
  eden space 4480K,   0% used [0x04200000, 0x04200000, 0x04660000)
  from space 512K,  21% used [0x046e0000, 0x046fb0a0, 0x04760000)
  to   space 512K,   0% used [0x04660000, 0x04660000, 0x046e0000)
 tenured generation   total 10944K, used 6286K [0x09750000, 0x0a200000, 0x14200000)
   the space 10944K,  57% used [0x09750000, 0x09d73848, 0x09d73a00, 0x0a200000)
 Metaspace       used 8124K, capacity 8345K, committed 8448K, reserved 8576K
}
Event: 222.489 GC heap before
{Heap before GC invocations=91 (full 13):
 def new generation   total 4992K, used 4588K [0x04200000, 0x04760000, 0x09750000)
  eden space 4480K, 100% used [0x04200000, 0x04660000, 0x04660000)
  from space 512K,  21% used [0x046e0000, 0x046fb0a0, 0x04760000)
  to   space 512K,   0% used [0x04660000, 0x04660000, 0x046e0000)
 tenured generation   total 10944K, used 6286K [0x09750000, 0x0a200000, 0x14200000)
   the space 10944K,  57% used [0x09750000, 0x09d73848, 0x09d73a00, 0x0a200000)
 Metaspace       used 8124K, capacity 8345K, committed 8448K, reserved 8576K
Event: 222.497 GC heap after
Heap after GC invocations=92 (full 13):
 def new generation   total 4992K, used 512K [0x04200000, 0x04760000, 0x09750000)
  eden space 4480K,   0% used [0x04200000, 0x04200000, 0x04660000)
  from space 512K, 100% used [0x04660000, 0x046e0000, 0x046e0000)
  to   space 512K,   0% used [0x046e0000, 0x046e0000, 0x04760000)
 tenured generation   total 10944K, used 7892K [0x09750000, 0x0a200000, 0x14200000)
   the space 10944K,  72% used [0x09750000, 0x09f052d0, 0x09f05400, 0x0a200000)
 Metaspace       used 8124K, capacity 8345K, committed 8448K, reserved 8576K
}
Event: 232.440 GC heap before
{Heap before GC invocations=92 (full 13):
 def new generation   total 4992K, used 4992K [0x04200000, 0x04760000, 0x09750000)
  eden space 4480K, 100% used [0x04200000, 0x04660000, 0x04660000)
  from space 512K, 100% used [0x04660000, 0x046e0000, 0x046e0000)
  to   space 512K,   0% used [0x046e0000, 0x046e0000, 0x04760000)
 tenured generation   total 10944K, used 7892K [0x09750000, 0x0a200000, 0x14200000)
   the space 10944K,  72% used [0x09750000, 0x09f052d0, 0x09f05400, 0x0a200000)
 Metaspace       used 8124K, capacity 8345K, committed 8448K, reserved 8576K
Event: 232.443 GC heap after
Heap after GC invocations=93 (full 13):
 def new generation   total 4992K, used 512K [0x04200000, 0x04760000, 0x09750000)
  eden space 4480K,   0% used [0x04200000, 0x04200000, 0x04660000)
  from space 512K, 100% used [0x046e0000, 0x04760000, 0x04760000)
  to   space 512K,   0% used [0x04660000, 0x04660000, 0x046e0000)
 tenured generation   total 10944K, used 9426K [0x09750000, 0x0a200000, 0x14200000)
   the space 10944K,  86% used [0x09750000, 0x0a084820, 0x0a084a00, 0x0a200000)
 Metaspace       used 8124K, capacity 8345K, committed 8448K, reserved 8576K
}
Event: 336.892 GC heap before
{Heap before GC invocations=93 (full 13):
 def new generation   total 4992K, used 4992K [0x04200000, 0x04760000, 0x09750000)
  eden space 4480K, 100% used [0x04200000, 0x04660000, 0x04660000)
  from space 512K, 100% used [0x046e0000, 0x04760000, 0x04760000)
  to   space 512K,   0% used [0x04660000, 0x04660000, 0x046e0000)
 tenured generation   total 10944K, used 9426K [0x09750000, 0x0a200000, 0x14200000)
   the space 10944K,  86% used [0x09750000, 0x0a084820, 0x0a084a00, 0x0a200000)
 Metaspace       used 8163K, capacity 8377K, committed 8448K, reserved 8576K
Event: 336.895 GC heap after
Heap after GC invocations=94 (full 13):
 def new generation   total 4992K, used 512K [0x04200000, 0x04760000, 0x09750000)
  eden space 4480K,   0% used [0x04200000, 0x04200000, 0x04660000)
  from space 512K, 100% used [0x04660000, 0x046e0000, 0x046e0000)
  to   space 512K,   0% used [0x046e0000, 0x046e0000, 0x04760000)
 tenured generation   total 10944K, used 10599K [0x09750000, 0x0a200000, 0x14200000)
   the space 10944K,  96% used [0x09750000, 0x0a1a9cd8, 0x0a1a9e00, 0x0a200000)
 Metaspace       used 8163K, capacity 8377K, committed 8448K, reserved 8576K
}

