# JRE version: Java(TM) SE Runtime Environment (8.0_51-b16) (build 1.8.0_51-b16)
# Java VM: Java HotSpot(TM) Client VM (25.51-b03 mixed mode windows-x86 )
Heap:
 def new generation   total 4992K, used 4586K [0x03e00000, 0x04360000, 0x09350000)
  eden space 4480K,  90% used [0x03e00000, 0x041faaf0, 0x04260000)
  from space 512K, 100% used [0x042e0000, 0x04360000, 0x04360000)
  to   space 512K,   0% used [0x04260000, 0x04260000, 0x042e0000)
 tenured generation   total 10944K, used 9876K [0x09350000, 0x09e00000, 0x13e00000)
   the space 10944K,  90% used [0x09350000, 0x09cf52a0, 0x09cf5400, 0x09e00000)
 Metaspace       used 8132K, capacity 8345K, committed 8448K, reserved 8576K
GC Heap History (10 events):
Event: 105.502 GC heap before
{Heap before GC invocations=44 (full 6):
 def new generation   total 4992K, used 4987K [0x03e00000, 0x04360000, 0x09350000)
  eden space 4480K,  99% used [0x03e00000, 0x0425ee78, 0x04260000)
  from space 512K, 100% used [0x04260000, 0x042e0000, 0x042e0000)
  to   space 512K,   0% used [0x042e0000, 0x042e0000, 0x04360000)
 tenured generation   total 10944K, used 8469K [0x09350000, 0x09e00000, 0x13e00000)
   the space 10944K,  77% used [0x09350000, 0x09b957c8, 0x09b95800, 0x09e00000)
 Metaspace       used 7692K, capacity 7887K, committed 7936K, reserved 8576K
Event: 105.507 GC heap after
Heap after GC invocations=45 (full 6):
 def new generation   total 4992K, used 512K [0x03e00000, 0x04360000, 0x09350000)
  eden space 4480K,   0% used [0x03e00000, 0x03e00000, 0x04260000)
  from space 512K, 100% used [0x042e0000, 0x04360000, 0x04360000)
  to   space 512K,   0% used [0x04260000, 0x04260000, 0x042e0000)
 tenured generation   total 10944K, used 10239K [0x09350000, 0x09e00000, 0x13e00000)
   the space 10944K,  93% used [0x09350000, 0x09d4fdf0, 0x09d4fe00, 0x09e00000)
 Metaspace       used 7692K, capacity 7887K, committed 7936K, reserved 8576K
}
Event: 109.635 GC heap before
{Heap before GC invocations=45 (full 6):
 def new generation   total 4992K, used 4992K [0x03e00000, 0x04360000, 0x09350000)
  eden space 4480K, 100% used [0x03e00000, 0x04260000, 0x04260000)
  from space 512K, 100% used [0x042e0000, 0x04360000, 0x04360000)
  to   space 512K,   0% used [0x04260000, 0x04260000, 0x042e0000)
 tenured generation   total 10944K, used 10239K [0x09350000, 0x09e00000, 0x13e00000)
   the space 10944K,  93% used [0x09350000, 0x09d4fdf0, 0x09d4fe00, 0x09e00000)
 Metaspace       used 7692K, capacity 7887K, committed 7936K, reserved 8576K
Event: 109.659 GC heap after
Heap after GC invocations=46 (full 7):
 def new generation   total 4992K, used 0K [0x03e00000, 0x04360000, 0x09350000)
  eden space 4480K,   0% used [0x03e00000, 0x03e00000, 0x04260000)
  from space 512K,   0% used [0x04260000, 0x04260000, 0x042e0000)
  to   space 512K,   0% used [0x042e0000, 0x042e0000, 0x04360000)
 tenured generation   total 10944K, used 4728K [0x09350000, 0x09e00000, 0x13e00000)
   the space 10944K,  43% used [0x09350000, 0x097ee340, 0x097ee400, 0x09e00000)
 Metaspace       used 7692K, capacity 7887K, committed 7936K, reserved 8576K
}
Event: 113.752 GC heap before
{Heap before GC invocations=46 (full 7):
 def new generation   total 4992K, used 4473K [0x03e00000, 0x04360000, 0x09350000)
  eden space 4480K,  99% used [0x03e00000, 0x0425e4f0, 0x04260000)
  from space 512K,   0% used [0x04260000, 0x04260000, 0x042e0000)
  to   space 512K,   0% used [0x042e0000, 0x042e0000, 0x04360000)
 tenured generation   total 10944K, used 4728K [0x09350000, 0x09e00000, 0x13e00000)
   the space 10944K,  43% used [0x09350000, 0x097ee340, 0x097ee400, 0x09e00000)
 Metaspace       used 7692K, capacity 7887K, committed 7936K, reserved 8576K
Event: 113.758 GC heap after
Heap after GC invocations=47 (full 7):
 def new generation   total 4992K, used 512K [0x03e00000, 0x04360000, 0x09350000)
  eden space 4480K,   0% used [0x03e00000, 0x03e00000, 0x04260000)
  from space 512K, 100% used [0x042e0000, 0x04360000, 0x04360000)
  to   space 512K,   0% used [0x04260000, 0x04260000, 0x042e0000)
 tenured generation   total 10944K, used 6380K [0x09350000, 0x09e00000, 0x13e00000)
   the space 10944K,  58% used [0x09350000, 0x0998b3a8, 0x0998b400, 0x09e00000)
 Metaspace       used 7692K, capacity 7887K, committed 7936K, reserved 8576K
}
Event: 117.797 GC heap before
{Heap before GC invocations=47 (full 7):
 def new generation   total 4992K, used 4992K [0x03e00000, 0x04360000, 0x09350000)
  eden space 4480K, 100% used [0x03e00000, 0x04260000, 0x04260000)
  from space 512K, 100% used [0x042e0000, 0x04360000, 0x04360000)
  to   space 512K,   0% used [0x04260000, 0x04260000, 0x042e0000)
 tenured generation   total 10944K, used 6380K [0x09350000, 0x09e00000, 0x13e00000)
   the space 10944K,  58% used [0x09350000, 0x0998b3a8, 0x0998b400, 0x09e00000)
 Metaspace       used 7692K, capacity 7887K, committed 7936K, reserved 8576K
Event: 117.804 GC heap after
Heap after GC invocations=48 (full 7):
 def new generation   total 4992K, used 512K [0x03e00000, 0x04360000, 0x09350000)
  eden space 4480K,   0% used [0x03e00000, 0x03e00000, 0x04260000)
  from space 512K, 100% used [0x04260000, 0x042e0000, 0x042e0000)
  to   space 512K,   0% used [0x042e0000, 0x042e0000, 0x04360000)
 tenured generation   total 10944K, used 8152K [0x09350000, 0x09e00000, 0x13e00000)
   the space 10944K,  74% used [0x09350000, 0x09b46028, 0x09b46200, 0x09e00000)
 Metaspace       used 7692K, capacity 7887K, committed 7936K, reserved 8576K
}
Event: 121.921 GC heap before
{Heap before GC invocations=48 (full 7):
 def new generation   total 4992K, used 4984K [0x03e00000, 0x04360000, 0x09350000)
  eden space 4480K,  99% used [0x03e00000, 0x0425e110, 0x04260000)
  from space 512K, 100% used [0x04260000, 0x042e0000, 0x042e0000)
  to   space 512K,   0% used [0x042e0000, 0x042e0000, 0x04360000)
 tenured generation   total 10944K, used 8152K [0x09350000, 0x09e00000, 0x13e00000)
   the space 10944K,  74% used [0x09350000, 0x09b46028, 0x09b46200, 0x09e00000)
 Metaspace       used 7692K, capacity 7887K, committed 7936K, reserved 8576K
Event: 121.927 GC heap after
Heap after GC invocations=49 (full 7):
 def new generation   total 4992K, used 512K [0x03e00000, 0x04360000, 0x09350000)
  eden space 4480K,   0% used [0x03e00000, 0x03e00000, 0x04260000)
  from space 512K, 100% used [0x042e0000, 0x04360000, 0x04360000)
  to   space 512K,   0% used [0x04260000, 0x04260000, 0x042e0000)
 tenured generation   total 10944K, used 9876K [0x09350000, 0x09e00000, 0x13e00000)
   the space 10944K,  90% used [0x09350000, 0x09cf52a0, 0x09cf5400, 0x09e00000)
 Metaspace       used 7692K, capacity 7887K, committed 7936K, reserved 8576K
}

